# JRE version: Java(TM) SE Runtime Environment (8.0_181-b13) (build 1.8.0_181-b13)
# Java VM: Java HotSpot(TM) 64-Bit Server VM (25.181-b13 mixed mode windows-amd64 compressed oops)
Heap:
 PSYoungGen      total 46592K, used 14080K [0x000000078c580000, 0x000000078f980000, 0x00000007c0000000)
  eden space 39936K, 35% used [0x000000078c580000,0x000000078d340388,0x000000078ec80000)
  from space 6656K, 0% used [0x000000078f300000,0x000000078f300000,0x000000078f980000)
  to   space 6656K, 0% used [0x000000078ec80000,0x000000078ec80000,0x000000078f300000)
 ParOldGen       total 56832K, used 11201K [0x0000000725000000, 0x0000000728780000, 0x000000078c580000)
  object space 56832K, 19% used [0x0000000725000000,0x0000000725af0690,0x0000000728780000)
 Metaspace       used 21076K, capacity 21352K, committed 21760K, reserved 1069056K
  class space    used 2431K, capacity 2514K, committed 2560K, reserved 1048576K
GC Heap History (6 events):
Event: 79.326 GC heap before
{Heap before GC invocations=1 (full 0):
 PSYoungGen      total 46592K, used 39936K [0x000000078c580000, 0x000000078f980000, 0x00000007c0000000)
  eden space 39936K, 100% used [0x000000078c580000,0x000000078ec80000,0x000000078ec80000)
  from space 6656K, 0% used [0x000000078f300000,0x000000078f300000,0x000000078f980000)
  to   space 6656K, 0% used [0x000000078ec80000,0x000000078ec80000,0x000000078f300000)
 ParOldGen       total 106496K, used 0K [0x0000000725000000, 0x000000072b800000, 0x000000078c580000)
  object space 106496K, 0% used [0x0000000725000000,0x0000000725000000,0x000000072b800000)
 Metaspace       used 19863K, capacity 20148K, committed 20352K, reserved 1067008K
  class space    used 2320K, capacity 2416K, committed 2432K, reserved 1048576K
Event: 79.339 GC heap after
Heap after GC invocations=1 (full 0):
 PSYoungGen      total 46592K, used 6630K [0x000000078c580000, 0x000000078f980000, 0x00000007c0000000)
  eden space 39936K, 0% used [0x000000078c580000,0x000000078c580000,0x000000078ec80000)
  from space 6656K, 99% used [0x000000078ec80000,0x000000078f2f9b88,0x000000078f300000)
  to   space 6656K, 0% used [0x000000078f300000,0x000000078f300000,0x000000078f980000)
 ParOldGen       total 106496K, used 2274K [0x0000000725000000, 0x000000072b800000, 0x000000078c580000)
  object space 106496K, 2% used [0x0000000725000000,0x00000007252388f0,0x000000072b800000)
 Metaspace       used 19863K, capacity 20148K, committed 20352K, reserved 1067008K
  class space    used 2320K, capacity 2416K, committed 2432K, reserved 1048576K
}
Event: 87.869 GC heap before
{Heap before GC invocations=2 (full 0):
 PSYoungGen      total 46592K, used 17903K [0x000000078c580000, 0x000000078f980000, 0x00000007c0000000)
  eden space 39936K, 28% used [0x000000078c580000,0x000000078d0823c8,0x000000078ec80000)
  from space 6656K, 99% used [0x000000078ec80000,0x000000078f2f9b88,0x000000078f300000)
  to   space 6656K, 0% used [0x000000078f300000,0x000000078f300000,0x000000078f980000)
 ParOldGen       total 106496K, used 2274K [0x0000000725000000, 0x000000072b800000, 0x000000078c580000)
  object space 106496K, 2% used [0x0000000725000000,0x00000007252388f0,0x000000072b800000)
 Metaspace       used 20799K, capacity 21084K, committed 21248K, reserved 1069056K
  class space    used 2430K, capacity 2512K, committed 2560K, reserved 1048576K
Event: 87.881 GC heap after
Heap after GC invocations=2 (full 0):
 PSYoungGen      total 46592K, used 6630K [0x000000078c580000, 0x000000078f980000, 0x00000007c0000000)
  eden space 39936K, 0% used [0x000000078c580000,0x000000078c580000,0x000000078ec80000)
  from space 6656K, 99% used [0x000000078f300000,0x000000078f9798d0,0x000000078f980000)
  to   space 6656K, 0% used [0x000000078ec80000,0x000000078ec80000,0x000000078f300000)
 ParOldGen       total 106496K, used 6942K [0x0000000725000000, 0x000000072b800000, 0x000000078c580000)
  object space 106496K, 6% used [0x0000000725000000,0x00000007256c78e0,0x000000072b800000)
 Metaspace       used 20799K, capacity 21084K, committed 21248K, reserved 1069056K
  class space    used 2430K, capacity 2512K, committed 2560K, reserved 1048576K
}
Event: 87.881 GC heap before
{Heap before GC invocations=3 (full 1):
 PSYoungGen      total 46592K, used 6630K [0x000000078c580000, 0x000000078f980000, 0x00000007c0000000)
  eden space 39936K, 0% used [0x000000078c580000,0x000000078c580000,0x000000078ec80000)
  from space 6656K, 99% used [0x000000078f300000,0x000000078f9798d0,0x000000078f980000)
  to   space 6656K, 0% used [0x000000078ec80000,0x000000078ec80000,0x000000078f300000)
 ParOldGen       total 106496K, used 6942K [0x0000000725000000, 0x000000072b800000, 0x000000078c580000)
  object space 106496K, 6% used [0x0000000725000000,0x00000007256c78e0,0x000000072b800000)
 Metaspace       used 20799K, capacity 21084K, committed 21248K, reserved 1069056K
  class space    used 2430K, capacity 2512K, committed 2560K, reserved 1048576K
Event: 87.922 GC heap after
Heap after GC invocations=3 (full 1):
 PSYoungGen      total 46592K, used 0K [0x000000078c580000, 0x000000078f980000, 0x00000007c0000000)
  eden space 39936K, 0% used [0x000000078c580000,0x000000078c580000,0x000000078ec80000)
  from space 6656K, 0% used [0x000000078f300000,0x000000078f300000,0x000000078f980000)
  to   space 6656K, 0% used [0x000000078ec80000,0x000000078ec80000,0x000000078f300000)
 ParOldGen       total 56832K, used 11201K [0x0000000725000000, 0x0000000728780000, 0x000000078c580000)
  object space 56832K, 19% used [0x0000000725000000,0x0000000725af0690,0x0000000728780000)
 Metaspace       used 20799K, capacity 21084K, committed 21248K, reserved 1069056K
  class space    used 2430K, capacity 2512K, committed 2560K, reserved 1048576K
}

